Generated at 2013-06-01 02:21:40 -0700
Mixlib::ShellOut::ShellCommandFailed: execute[symlink ~/.bash_profile] (main::default line 1) had an error: Mixlib::ShellOut::ShellCommandFailed: Expected process to exit with [0], but received '1'
---- Begin output of ln -s ~/bin/dotfiles/bash_profile /Users/ivan/.bash_profile ----
STDOUT: 
STDERR: ln: /Users/ivan/.bash_profile: File exists
---- End output of ln -s ~/bin/dotfiles/bash_profile /Users/ivan/.bash_profile ----
Ran ln -s ~/bin/dotfiles/bash_profile /Users/ivan/.bash_profile returned 1
/Users/ivan/.rvm/gems/ruby-1.9.3-p125/gems/mixlib-shellout-1.1.0/lib/mixlib/shellout.rb:248:in `invalid!'
/Users/ivan/.rvm/gems/ruby-1.9.3-p125/gems/mixlib-shellout-1.1.0/lib/mixlib/shellout.rb:234:in `error!'
/Users/ivan/.rvm/gems/ruby-1.9.3-p125/gems/chef-11.4.4/lib/chef/mixin/shell_out.rb:36:in `shell_out!'
/Users/ivan/.rvm/gems/ruby-1.9.3-p125/gems/chef-11.4.4/lib/chef/provider/execute.rb:62:in `block in action_run'
/Users/ivan/.rvm/gems/ruby-1.9.3-p125/gems/chef-11.4.4/lib/chef/mixin/why_run.rb:52:in `call'
/Users/ivan/.rvm/gems/ruby-1.9.3-p125/gems/chef-11.4.4/lib/chef/mixin/why_run.rb:52:in `add_action'
/Users/ivan/.rvm/gems/ruby-1.9.3-p125/gems/chef-11.4.4/lib/chef/provider.rb:151:in `converge_by'
/Users/ivan/.rvm/gems/ruby-1.9.3-p125/gems/chef-11.4.4/lib/chef/provider/execute.rb:61:in `action_run'
/Users/ivan/.rvm/gems/ruby-1.9.3-p125/gems/chef-11.4.4/lib/chef/provider.rb:114:in `run_action'
/Users/ivan/.rvm/gems/ruby-1.9.3-p125/gems/chef-11.4.4/lib/chef/resource.rb:606:in `run_action'
/Users/ivan/.rvm/gems/ruby-1.9.3-p125/gems/chef-11.4.4/lib/chef/runner.rb:50:in `run_action'
/Users/ivan/.rvm/gems/ruby-1.9.3-p125/gems/chef-11.4.4/lib/chef/runner.rb:82:in `block (2 levels) in converge'
/Users/ivan/.rvm/gems/ruby-1.9.3-p125/gems/chef-11.4.4/lib/chef/runner.rb:82:in `each'
/Users/ivan/.rvm/gems/ruby-1.9.3-p125/gems/chef-11.4.4/lib/chef/runner.rb:82:in `block in converge'
/Users/ivan/.rvm/gems/ruby-1.9.3-p125/gems/chef-11.4.4/lib/chef/resource_collection.rb:94:in `block in execute_each_resource'
/Users/ivan/.rvm/gems/ruby-1.9.3-p125/gems/chef-11.4.4/lib/chef/resource_collection/stepable_iterator.rb:116:in `call'
/Users/ivan/.rvm/gems/ruby-1.9.3-p125/gems/chef-11.4.4/lib/chef/resource_collection/stepable_iterator.rb:116:in `call_iterator_block'
/Users/ivan/.rvm/gems/ruby-1.9.3-p125/gems/chef-11.4.4/lib/chef/resource_collection/stepable_iterator.rb:85:in `step'
/Users/ivan/.rvm/gems/ruby-1.9.3-p125/gems/chef-11.4.4/lib/chef/resource_collection/stepable_iterator.rb:104:in `iterate'
/Users/ivan/.rvm/gems/ruby-1.9.3-p125/gems/chef-11.4.4/lib/chef/resource_collection/stepable_iterator.rb:55:in `each_with_index'
/Users/ivan/.rvm/gems/ruby-1.9.3-p125/gems/chef-11.4.4/lib/chef/resource_collection.rb:92:in `execute_each_resource'
/Users/ivan/.rvm/gems/ruby-1.9.3-p125/gems/chef-11.4.4/lib/chef/runner.rb:81:in `converge'
/Users/ivan/.rvm/gems/ruby-1.9.3-p125/gems/chef-11.4.4/lib/chef/client.rb:404:in `converge'
/Users/ivan/.rvm/gems/ruby-1.9.3-p125/gems/chef-11.4.4/lib/chef/client.rb:469:in `do_run'
/Users/ivan/.rvm/gems/ruby-1.9.3-p125/gems/chef-11.4.4/lib/chef/client.rb:200:in `run'
/Users/ivan/.rvm/gems/ruby-1.9.3-p125/gems/chef-11.4.4/lib/chef/application.rb:190:in `run_chef_client'
/Users/ivan/.rvm/gems/ruby-1.9.3-p125/gems/chef-11.4.4/lib/chef/application/solo.rb:239:in `block in run_application'
/Users/ivan/.rvm/gems/ruby-1.9.3-p125/gems/chef-11.4.4/lib/chef/application/solo.rb:231:in `loop'
/Users/ivan/.rvm/gems/ruby-1.9.3-p125/gems/chef-11.4.4/lib/chef/application/solo.rb:231:in `run_application'
/Users/ivan/.rvm/gems/ruby-1.9.3-p125/gems/chef-11.4.4/lib/chef/application.rb:73:in `run'
/Users/ivan/.rvm/gems/ruby-1.9.3-p125/gems/chef-11.4.4/bin/chef-solo:25:in `<top (required)>'
/Users/ivan/.rvm/gems/ruby-1.9.3-p125/bin/chef-solo:19:in `load'
/Users/ivan/.rvm/gems/ruby-1.9.3-p125/bin/chef-solo:19:in `<main>'